Arguments: 
  /usr/bin/node /mnt/c/Users/Américo Júnior/scoop/apps/nodejs/current/bin/node_modules/yarn/bin/yarn.js add ethers

PATH: 
  /home/americo/.vscode-server/bin/dfd34e8260c270da74b5c2d86d61aee4b6d56977/bin/remote-cli:/home/americo/.local/share/zinit/polaris/bin:/home/americo/.cargo/bin:/usr/local/sbin:/usr/local/bin:/usr/sbin:/usr/bin:/sbin:/bin:/usr/games:/usr/local/games:/usr/lib/wsl/lib:/mnt/c/Program Files (x86)/Razer Chroma SDK/bin:/mnt/c/Program Files/Razer Chroma SDK/bin:/mnt/c/Program Files (x86)/Razer/ChromaBroadcast/bin:/mnt/c/Program Files/Razer/ChromaBroadcast/bin:/mnt/c/Program Files/Common Files/Oracle/Java/javapath:/mnt/c/Program Files (x86)/Common Files/Oracle/Java/javapath:/mnt/c/Program Files (x86)/Common Files/Intel/Shared Libraries/redist/intel64/compiler:/mnt/c/Windows/system32:/mnt/c/Windows:/mnt/c/Windows/System32/Wbem:/mnt/c/Windows/System32/WindowsPowerShell/v1.0/:/mnt/c/Windows/System32/OpenSSH/:/mnt/c/Program Files (x86)/NVIDIA Corporation/PhysX/Common:/mnt/c/Program Files/NVIDIA Corporation/NVIDIA NvDLISR:/mnt/c/Windows/system32/config/systemprofile/AppData/Local/Microsoft/WindowsApps:/mnt/c/Program Files/Git/cmd:/mnt/c/Program Files/dotnet/:/mnt/c/Program Files/Docker/Docker/resources/bin:/mnt/c/ProgramData/DockerDesktop/version-bin:/mnt/c/Users/Américo Júnior/scoop/apps/nodejs/current/bin:/mnt/c/Users/Américo Júnior/scoop/apps/nodejs/current:/mnt/c/Users/Américo Júnior/scoop/shims:/mnt/c/Users/Americo Junior/AppData/Local/Microsoft/WindowsApps:/mnt/c/Users/Americo Junior/AppData/Local/Programs/Hyper/resources/bin:/mnt/c/Users/Americo Junior/AppData/Local/Programs/Microsoft VS Code/bin:/mnt/c/Users/Américo Júnior/AppData/Local/Programs/Microsoft VS Code/bin:/mnt/c/Users/Américo Júnior/AppData/Local/Programs/Hyper/resources/bin:/home/americo/.local/bin:/home/americo/.local/bin:/bin:/home/americo/go/bin:/home/americo/.local/bin:/bin:/home/americo/go/bin

Yarn version: 
  1.22.17

Node version: 
  14.19.1

Platform: 
  linux x64

Trace: 
  Error: https://registry.yarnpkg.com/ethers: ETIMEDOUT
      at Timeout._onTimeout (/mnt/c/Users/Américo Júnior/scoop/persist/nodejs/bin/node_modules/yarn/lib/cli.js:141543:19)
      at listOnTimeout (internal/timers.js:557:17)
      at processTimers (internal/timers.js:500:7)

npm manifest: 
  No manifest

yarn manifest: 
  No manifest

Lockfile: 
  No lockfile
